2025-05-29 11:37:31,734 - semgrep.run_scan - DEBUG - semgrep version 1.2.0
2025-05-29 11:37:31,738 - semgrep.git - DEBUG - Failed to get project url from 'git ls-remote': Command failed with exit code: 128
-----
Command failed with output:
fatal: No remote configured to list refs from.


Failed to run 'git ls-remote --get-url'. Possible reasons:

- the git binary is not available
- the current working directory is not a git repository
- the baseline commit is not a parent of the current commit
    (if you are running through semgrep-app, check if you are setting `SEMGREP_BRANCH` or `SEMGREP_BASELINE_COMMIT` properly)
- the current working directory is not marked as safe
    (fix with `git config --global --add safe.directory $(pwd)`)

Try running the command yourself to debug the issue.
2025-05-29 11:37:31,739 - semgrep.config_resolver - DEBUG - Loading local config from /home/runner/workspace/.config/.semgrep/semgrep_rules.json
2025-05-29 11:37:31,742 - semgrep.config_resolver - DEBUG - Done loading local config from /home/runner/workspace/.config/.semgrep/semgrep_rules.json
2025-05-29 11:37:31,748 - semgrep.config_resolver - DEBUG - Saving rules to /tmp/semgrep-xr4e1uc4.rules
2025-05-29 11:37:32,626 - semgrep.semgrep_core - DEBUG - Failed to open resource semgrep-core-proprietary: [Errno 2] No such file or directory: '/tmp/_MEIKuJNuv/semgrep/bin/semgrep-core-proprietary'.
2025-05-29 11:37:34,747 - semgrep.rule_lang - DEBUG - semgrep-core validation response: valid=True
2025-05-29 11:37:34,815 - semgrep.rule_lang - DEBUG - semgrep-core validation succeeded
2025-05-29 11:37:34,815 - semgrep.rule_lang - DEBUG - RPC validation succeeded
2025-05-29 11:37:34,816 - semgrep.config_resolver - DEBUG - loaded 1 configs in 3.0770299434661865
2025-05-29 11:37:35,137 - semgrep.run_scan - VERBOSE - running 711 rules from 1 config /home/runner/workspace/.config/.semgrep/semgrep_rules.json_0
2025-05-29 11:37:35,137 - semgrep.run_scan - VERBOSE - No .semgrepignore found. Using default .semgrepignore rules. See the docs for the list of default ignores: https://semgrep.dev/docs/cli-usage/#ignore-files
2025-05-29 11:37:35,140 - semgrep.run_scan - VERBOSE - Rules:
2025-05-29 11:37:35,140 - semgrep.run_scan - VERBOSE - <SKIPPED DATA (too many entries; use --max-log-list-entries)>
2025-05-29 11:37:36,940 - semgrep.core_runner - DEBUG - Passing whole rules directly to semgrep_core
2025-05-29 11:37:37,626 - semgrep.core_runner - DEBUG - Running Semgrep engine with command:
2025-05-29 11:37:37,626 - semgrep.core_runner - DEBUG - /tmp/_MEIKuJNuv/semgrep/bin/opengrep-core -json -rules /tmp/tmpo8t1r79z.json -j 8 -targets /tmp/tmp4p4r_ot2 -timeout 5 -timeout_threshold 3 -max_memory 0 -fast
2025-05-29 11:38:17,534 - semgrep.core_runner - DEBUG - --- semgrep-core stderr ---
[00.31][[34mINFO[0m]: Executed as: /tmp/_MEIKuJNuv/semgrep/bin/opengrep-core -json -rules /tmp/tmpo8t1r79z.json -j 8 -targets /tmp/tmp4p4r_ot2 -timeout 5 -timeout_threshold 3 -max_memory 0 -fast
[00.31][[34mINFO[0m]: Version: 1.2.0
[00.31][[34mINFO[0m]: Parsing rules in /tmp/tmpo8t1r79z.json
[02.23][[34mINFO[0m]: scan: processing 275 files (skipping 0), with 454 rules (skipping 0 )
[14.41][[33mWARNING[0m]: Fixpoint timeout while performing taint analysis [rule: config..semgrep.vendored-rules.javascript.express.security.injection.tainted-sql-string file: client/src/pages/home.tsx func: Home:15957]
[0m[15.21][[33mWARNING[0m]: Fixpoint timeout while performing taint analysis [rule: config..semgrep.vendored-rules.typescript.react.security.audit.react-href-var file: client/src/pages/seller-dashboard.tsx func: SellerDashboard:16809]
[0m[15.62][[33mWARNING[0m]: Fixpoint timeout while performing taint analysis [rule: config..semgrep.vendored-rules.javascript.lang.security.audit.detect-non-literal-require file: client/src/pages/seller-dashboard.tsx func: SellerDashboard:16809]
[0m[17.24][[33mWARNING[0m]: Fixpoint timeout while performing taint analysis [rule: config..semgrep.vendored-rules.typescript.react.security.audit.react-href-var file: client/src/pages/landing.tsx func: Landing:24549]
[0m[18.02][[33mWARNING[0m]: Fixpoint timeout while performing taint analysis [rule: config..semgrep.vendored-rules.javascript.lang.security.audit.detect-non-literal-fs-filename file: client/src/pages/seller-dashboard.tsx func: SellerDashboard:16809]
[0m[18.30][[33mWARNING[0m]: Fixpoint timeout while performing taint analysis [rule: config..semgrep.vendored-rules.javascript.browser.security.js-open-redirect-from-function file: client/src/pages/landing.tsx func: Landing:24549]
[0m[19.01][[33mWARNING[0m]: Fixpoint timeout while performing taint analysis [rule: config..semgrep.vendored-rules.javascript.express.security.injection.tainted-sql-string file: client/src/pages/seller-dashboard.tsx func: SellerDashboard:16809]
[0m[19.02][[33mWARNING[0m]: Fixpoint timeout while performing taint analysis [rule: config..semgrep.vendored-rules.javascript.browser.security.raw-html-concat file: client/src/pages/landing.tsx func: Landing:24549]
[0m[22.30][[33mWARNING[0m]: Fixpoint timeout while performing taint analysis [rule: config..semgrep.vendored-rules.javascript.express.security.x-frame-options-misconfiguration file: client/src/pages/seller-dashboard.tsx func: SellerDashboard:16809]
[0m[22.71][[33mWARNING[0m]: Fixpoint timeout while performing taint analysis [rule: config..semgrep.vendored-rules.javascript.express.security.require-request file: client/src/pages/seller-dashboard.tsx func: SellerDashboard:16809]
[0m[22.92][[33mWARNING[0m]: Fixpoint timeout while performing taint analysis [rule: config..semgrep.vendored-rules.javascript.express.security.x-frame-options-misconfiguration file: client/src/pages/admin-dashboard.tsx func: AdminDashboard:35174]
[0m[23.12][[33mWARNING[0m]: Fixpoint timeout while performing taint analysis [rule: config..semgrep.vendored-rules.javascript.express.security.cors-misconfiguration file: client/src/pages/seller-dashboard.tsx func: SellerDashboard:16809]
[0m[24.60][[33mWARNING[0m]: Fixpoint timeout while performing taint analysis [rule: config..semgrep.vendored-rules.javascript.browser.security.js-open-redirect-from-function file: client/src/pages/seller-dashboard.tsx func: SellerDashboard:16809]
[0m[26.93][[33mWARNING[0m]: Fixpoint timeout while performing taint analysis [rule: config..semgrep.vendored-rules.javascript.browser.security.raw-html-concat file: client/src/pages/seller-dashboard.tsx func: SellerDashboard:16809]
[0m[28.60][[33mWARNING[0m]: Fixpoint timeout while performing taint analysis [rule: config..semgrep.vendored-rules.javascript.lang.security.audit.detect-non-literal-require file: shared/schema.ts func: ???]
[0m[39.71][[34mINFO[0m]: Custom ignore pattern: None
[39.71][[34mINFO[0m]: Custom ignore pattern: None
--- end semgrep-core stderr ---
2025-05-29 11:38:17,543 - semgrep.rule_match - DEBUG - match_key = ('', PosixPath('client/index.html'), 'config..semgrep.vendored-rules.html.security.audit.missing-integrity') match_id = 0ee74fd49637bebe183eca7188dbde26e386314e62cc2e7ba1ee60b377b638243fcd84e6c6fa04886198ccacfa6a711bfbcc61a28f9ddc913d5b3c53083cbc90_0
2025-05-29 11:38:17,544 - semgrep.rule_match - DEBUG - match_key = (' type="text/javascript" src="https://replit.com/public/js/replit-dev-banner.js" (?is).*integrity= (google-analytics\\.com|fonts\\.googleapis\\.com|fonts\\.gstatic\\.com|googletagmanager\\.com) .*rel\\s*=\\s*[\'"]?preconnect.* href="... :// ..." href="//..." href=\'... :// ...\' href=\'//...\' src="... :// ..." src="//..." src=\'... :// ...\' src=\'//...\' <link  type="text/javascript" src="https://replit.com/public/js/replit-dev-banner.js" > <script  type="text/javascript" src="https://replit.com/public/js/replit-dev-banner.js" >...</script>', PosixPath('client/index.html'), 'config..semgrep.vendored-rules.html.security.audit.missing-integrity') match_id = 0728b64e224596592d04447ba8a642ff94e1fb9fcc07be26d49dc7e7f6898e638ad16ffcaca086932c58f4c6400fe32603323afef02cf9bfebcb0e4a53562a40_0
2025-05-29 11:38:17,545 - semgrep.rule_match - DEBUG - match_key = (' type="text/javascript" src="https://replit.com/public/js/replit-dev-banner.js" (?is).*integrity= (google-analytics\\.com|fonts\\.googleapis\\.com|fonts\\.gstatic\\.com|googletagmanager\\.com) .*rel\\s*=\\s*[\'"]?preconnect.* href="... :// ..." href="//..." href=\'... :// ...\' href=\'//...\' src="... :// ..." src="//..." src=\'... :// ...\' src=\'//...\' <link  type="text/javascript" src="https://replit.com/public/js/replit-dev-banner.js" > <script  type="text/javascript" src="https://replit.com/public/js/replit-dev-banner.js" >...</script>', PosixPath('client/index.html'), 'config..semgrep.vendored-rules.html.security.audit.missing-integrity') match_id = 0728b64e224596592d04447ba8a642ff94e1fb9fcc07be26d49dc7e7f6898e638ad16ffcaca086932c58f4c6400fe32603323afef02cf9bfebcb0e4a53562a40_0
2025-05-29 11:38:17,545 - semgrep.rule_match - DEBUG - match_key = (' type="text/javascript" src="https://replit.com/public/js/replit-dev-banner.js" (?is).*integrity= (google-analytics\\.com|fonts\\.googleapis\\.com|fonts\\.gstatic\\.com|googletagmanager\\.com) .*rel\\s*=\\s*[\'"]?preconnect.* href="... :// ..." href="//..." href=\'... :// ...\' href=\'//...\' src="... :// ..." src="//..." src=\'... :// ...\' src=\'//...\' <link  type="text/javascript" src="https://replit.com/public/js/replit-dev-banner.js" > <script  type="text/javascript" src="https://replit.com/public/js/replit-dev-banner.js" >...</script>', PosixPath('client/index.html'), 'config..semgrep.vendored-rules.html.security.audit.missing-integrity') match_id = 0728b64e224596592d04447ba8a642ff94e1fb9fcc07be26d49dc7e7f6898e638ad16ffcaca086932c58f4c6400fe32603323afef02cf9bfebcb0e4a53562a40_0
2025-05-29 11:38:17,629 - semgrep.core_runner - DEBUG - semgrep ran in 0:00:40.689413 on 93 files
2025-05-29 11:38:17,631 - semgrep.core_runner - DEBUG - findings summary: 1 warning, 0 error, 0 info
2025-05-29 11:38:17,639 - semgrep.app.auth - DEBUG - Getting API token from settings file
2025-05-29 11:38:17,639 - semgrep.app.auth - DEBUG - No API token found in settings file
2025-05-29 11:38:17,640 - semgrep.semgrep_core - DEBUG - Failed to open resource semgrep-core-proprietary: [Errno 2] No such file or directory: '/tmp/_MEIKuJNuv/semgrep/bin/semgrep-core-proprietary'.
2025-05-29 11:38:18,127 - semgrep.output - VERBOSE - 
========================================
Files skipped:
========================================

  Always skipped by Opengrep:

   • <none>

  Skipped by .gitignore:
  (Disable by passing --no-git-ignore)

   • <all files not listed by `git ls-files` were skipped>

  Skipped by .semgrepignore:
  - https://semgrep.dev/docs/ignoring-files-folders-code/#understand-semgrep-defaults

   • <none>

  Skipped by --include patterns:

   • <none>

  Skipped by --exclude patterns:

   • <none>

  Files skipped due to insufficient read permissions:

   • <none>

  Skipped by limiting to files smaller than 1000000 bytes:
  (Adjust with the --max-target-bytes flag)

   • <none>

  Partially analyzed due to parsing or internal Opengrep errors

   • tailwind.config.ts (1 lines skipped)

2025-05-29 11:38:18,129 - semgrep.output - INFO - Some files were skipped or only partially analyzed.
  Scan was limited to files tracked by git.
  Partially scanned: 1 files only partially analyzed due to parsing or internal Opengrep errors

Ran 435 rules on 93 files: 1 finding.
2025-05-29 11:38:18,130 - semgrep.app.version - DEBUG - Version cache does not exist
2025-05-29 11:38:18,150 - semgrep.metrics - VERBOSE - Not sending pseudonymous metrics since metrics are configured to OFF and registry usage is False

